0 info it worked if it ends with ok
1 verbose cli [ 'c:\\Program Files\\nodejs\\node.exe',
1 verbose cli   'c:\\Program Files\\nodejs\\node_modules\\npm\\bin\\npm-cli.js',
1 verbose cli   'version',
1 verbose cli   'patch' ]
2 info using npm@2.7.4
3 info using node@v0.12.2
4 info git [ 'status', '--porcelain' ]
5 verbose stack Error: Git working directory not clean.
5 verbose stack M generators/app/index.js
5 verbose stack M generators/app/templates/.gulp/config.js
5 verbose stack D generators/app/templates/.gulp/tasks/bower.js
5 verbose stack D generators/app/templates/.gulp/tasks/copyFontBuild.js
5 verbose stack D generators/app/templates/.gulp/tasks/copyPhpBuild.js
5 verbose stack D generators/app/templates/.gulp/tasks/deleteTmpFolders.js
5 verbose stack D generators/app/templates/.gulp/tasks/generateInjectJs.js
5 verbose stack D generators/app/templates/.gulp/tasks/generateInjectSass.js
5 verbose stack D generators/app/templates/.gulp/tasks/generateJs.js
5 verbose stack D generators/app/templates/.gulp/tasks/generatePage.js
5 verbose stack D generators/app/templates/.gulp/tasks/generateSass.js
5 verbose stack D generators/app/templates/.gulp/tasks/generateTemplate.js
5 verbose stack D generators/app/templates/.gulp/tasks/imageMinBuild.js
5 verbose stack D generators/app/templates/.gulp/tasks/sass.js
5 verbose stack D generators/app/templates/.gulp/tasks/serve.js
5 verbose stack D generators/app/templates/.gulp/tasks/serveBuild.js
5 verbose stack D generators/app/templates/.gulp/tasks/userefBuild.js
5 verbose stack D generators/app/templates/.gulp/templates/component-page.php
5 verbose stack D generators/app/templates/.gulp/templates/component-template.php
5 verbose stack D generators/app/templates/.gulp/templates/component.js
5 verbose stack D generators/app/templates/.gulp/templates/component.scss
5 verbose stack D generators/app/templates/source/asset/css/style.sitebuild.css
5 verbose stack D generators/app/templates/source/asset/image/small_screens.png
5 verbose stack D generators/app/templates/source/asset/image/step_9_after_edit_mess.png
5 verbose stack M generators/app/templates/source/asset/sass/style.sitebuild.scss
5 verbose stack D generators/app/templates/source/contact.php
5 verbose stack M generators/app/templates/source/home.php
5 verbose stack M generators/app/templates/source/products.php
5 verbose stack D generators/app/templates/source/templates/mainMenu.php
5 verbose stack D generators/app/templates/source/templates/pageClose.php
5 verbose stack D generators/app/templates/source/templates/pageFooter.php
5 verbose stack D generators/app/templates/source/templates/pageHeader.php
5 verbose stack D generators/app/templates/source/templates/pageOpen.php
5 verbose stack D generators/app/templates/source/templates/product.php
5 verbose stack     at c:\Program Files\nodejs\node_modules\npm\lib\version.js:138:37
5 verbose stack     at c:\Program Files\nodejs\node_modules\npm\lib\utils\git.js:26:8
5 verbose stack     at ChildProcess.exithandler (child_process.js:742:7)
5 verbose stack     at ChildProcess.emit (events.js:110:17)
5 verbose stack     at maybeClose (child_process.js:1015:16)
5 verbose stack     at Process.ChildProcess._handle.onexit (child_process.js:1087:5)
6 verbose cwd c:\Users\S\dev\generator-aw-sitebuild
7 error Windows_NT 6.3.9600
8 error argv "c:\\Program Files\\nodejs\\node.exe" "c:\\Program Files\\nodejs\\node_modules\\npm\\bin\\npm-cli.js" "version" "patch"
9 error node v0.12.2
10 error npm  v2.7.4
11 error Git working directory not clean.
11 error M generators/app/index.js
11 error M generators/app/templates/.gulp/config.js
11 error D generators/app/templates/.gulp/tasks/bower.js
11 error D generators/app/templates/.gulp/tasks/copyFontBuild.js
11 error D generators/app/templates/.gulp/tasks/copyPhpBuild.js
11 error D generators/app/templates/.gulp/tasks/deleteTmpFolders.js
11 error D generators/app/templates/.gulp/tasks/generateInjectJs.js
11 error D generators/app/templates/.gulp/tasks/generateInjectSass.js
11 error D generators/app/templates/.gulp/tasks/generateJs.js
11 error D generators/app/templates/.gulp/tasks/generatePage.js
11 error D generators/app/templates/.gulp/tasks/generateSass.js
11 error D generators/app/templates/.gulp/tasks/generateTemplate.js
11 error D generators/app/templates/.gulp/tasks/imageMinBuild.js
11 error D generators/app/templates/.gulp/tasks/sass.js
11 error D generators/app/templates/.gulp/tasks/serve.js
11 error D generators/app/templates/.gulp/tasks/serveBuild.js
11 error D generators/app/templates/.gulp/tasks/userefBuild.js
11 error D generators/app/templates/.gulp/templates/component-page.php
11 error D generators/app/templates/.gulp/templates/component-template.php
11 error D generators/app/templates/.gulp/templates/component.js
11 error D generators/app/templates/.gulp/templates/component.scss
11 error D generators/app/templates/source/asset/css/style.sitebuild.css
11 error D generators/app/templates/source/asset/image/small_screens.png
11 error D generators/app/templates/source/asset/image/step_9_after_edit_mess.png
11 error M generators/app/templates/source/asset/sass/style.sitebuild.scss
11 error D generators/app/templates/source/contact.php
11 error M generators/app/templates/source/home.php
11 error M generators/app/templates/source/products.php
11 error D generators/app/templates/source/templates/mainMenu.php
11 error D generators/app/templates/source/templates/pageClose.php
11 error D generators/app/templates/source/templates/pageFooter.php
11 error D generators/app/templates/source/templates/pageHeader.php
11 error D generators/app/templates/source/templates/pageOpen.php
11 error D generators/app/templates/source/templates/product.php
12 error If you need help, you may report this error at:
12 error     <https://github.com/npm/npm/issues>
13 verbose exit [ 1, true ]
